Using pre-set license
Built from '2020.3/release' branch; Version is '2020.3.1f1 (77a89f25062f) revision 7841951'; Using compiler version '192528614'; Build Type 'Release'
OS: 'Windows 10 Pro; OS build 19042.867; Version 2009; 64bit' Language: 'en' Physical Memory: 8055 MB
BatchMode: 1, IsHumanControllingUs: 0, StartBugReporterOnCrash: 0, Is64bit: 1, IsPro: 0

 COMMAND LINE ARGUMENTS:
C:\Program Files\Unity\Hub\Editor\2020.3.1f1\Editor\Unity.exe
-adb2
-batchMode
-noUpm
-name
AssetImportWorker0
-projectPath
C:/Users/John Liu/Tower Defense Prototype
-logFile
Logs/AssetImportWorker0.log
-srvPort
63700
Successfully changed project path to: C:/Users/John Liu/Tower Defense Prototype
C:/Users/John Liu/Tower Defense Prototype
Using Asset Import Pipeline V2.
Refreshing native plugins compatible for Editor in 45.20 ms, found 0 plugins.
Preloading 0 native plugins for Editor in 0.00 ms.
Initialize engine version: 2020.3.1f1 (77a89f25062f)
[Subsystems] Discovering subsystems at path C:/Program Files/Unity/Hub/Editor/2020.3.1f1/Editor/Data/Resources/UnitySubsystems
[Subsystems] Discovering subsystems at path C:/Users/John Liu/Tower Defense Prototype/Assets
GfxDevice: creating device client; threaded=0
Direct3D:
    Version:  Direct3D 11.0 [level 11.0]
    Renderer: Intel(R) HD Graphics 4000 (ID=0x166)
    Vendor:   
    VRAM:     128 MB
    Driver:   10.18.10.5161
Initialize mono
Mono path[0] = 'C:/Program Files/Unity/Hub/Editor/2020.3.1f1/Editor/Data/Managed'
Mono path[1] = 'C:/Program Files/Unity/Hub/Editor/2020.3.1f1/Editor/Data/MonoBleedingEdge/lib/mono/unityjit'
Mono config path = 'C:/Program Files/Unity/Hub/Editor/2020.3.1f1/Editor/Data/MonoBleedingEdge/etc'
Using monoOptions --debugger-agent=transport=dt_socket,embedding=1,server=y,suspend=n,address=127.0.0.1:56680
Begin MonoManager ReloadAssembly
Registering precompiled unity dll's ...
Register platform support module: C:/Program Files/Unity/Hub/Editor/2020.3.1f1/Editor/Data/PlaybackEngines/WindowsStandaloneSupport/UnityEditor.WindowsStandalone.Extensions.dll
Registered in 0.005538 seconds.
Native extension for WindowsStandalone target not found
Refreshing native plugins compatible for Editor in 50.22 ms, found 0 plugins.
Preloading 0 native plugins for Editor in 0.00 ms.
Invoked RoslynAnalysisRunner static constructor.
RoslynAnalysisRunner will not be running.
RoslynAnalysisRunner has terminated.
Mono: successfully reloaded assembly
- Completed reload, in  6.459 seconds
Platform modules already initialized, skipping
Registering precompiled user dll's ...
Registered in 0.003469 seconds.
Begin MonoManager ReloadAssembly
Native extension for WindowsStandalone target not found
Refreshing native plugins compatible for Editor in 0.38 ms, found 0 plugins.
Preloading 0 native plugins for Editor in 0.00 ms.
Invoked RoslynAnalysisRunner static constructor.
RoslynAnalysisRunner will not be running.
RoslynAnalysisRunner has terminated.
Mono: successfully reloaded assembly
- Completed reload, in  1.484 seconds
Platform modules already initialized, skipping
========================================================================
Worker process is ready to serve import requests
Launched and connected shader compiler UnityShaderCompiler.exe after 0.19 seconds
Refreshing native plugins compatible for Editor in 0.43 ms, found 0 plugins.
Preloading 0 native plugins for Editor in 0.00 ms.
Unloading 1121 Unused Serialized files (Serialized files now loaded: 0)
System memory in use before: 57.5 MB.
System memory in use after: 57.6 MB.

Unloading 10 unused Assets to reduce memory usage. Loaded Objects now: 1566.
Total: 2.389000 ms (FindLiveObjects: 0.168600 ms CreateObjectMapping: 0.063600 ms MarkObjects: 2.024300 ms  DeleteObjects: 0.131000 ms)

========================================================================
Received Import Request.
  path: Assets/bullet.prefab
  artifactKey: Guid(311011b92493b30478430a15382f72a7) Importer(815301076,1909f56bfc062723c751e8b465ee728b)
Start importing Assets/bullet.prefab using Guid(311011b92493b30478430a15382f72a7) Importer(815301076,1909f56bfc062723c751e8b465ee728b)  -> (artifact id: '79baa31be10208e58e2a0bc324146fc6') in 0.191713 seconds
  Import took 0.195129 seconds .

========================================================================
Received Import Request.
  Time since last request: 0.000367 seconds.
  path: Assets/bullet.blend
  artifactKey: Guid(5ea21c58898c00a42a0e247de495b6fd) Importer(815301076,1909f56bfc062723c751e8b465ee728b)
Start importing Assets/bullet.blend using Guid(5ea21c58898c00a42a0e247de495b6fd) Importer(815301076,1909f56bfc062723c751e8b465ee728b)  -> (artifact id: '1746c2a94cee7523dd1d8ff51fc92f4a') in 0.195159 seconds
  Import took 0.199378 seconds .

========================================================================
Received Prepare
Registering precompiled user dll's ...
Registered in 0.001731 seconds.
Begin MonoManager ReloadAssembly
Native extension for WindowsStandalone target not found
Refreshing native plugins compatible for Editor in 0.34 ms, found 0 plugins.
Preloading 0 native plugins for Editor in 0.00 ms.
Invoked RoslynAnalysisRunner static constructor.
RoslynAnalysisRunner will not be running.
RoslynAnalysisRunner has terminated.
Mono: successfully reloaded assembly
- Completed reload, in  1.990 seconds
Platform modules already initialized, skipping
Refreshing native plugins compatible for Editor in 0.46 ms, found 0 plugins.
Preloading 0 native plugins for Editor in 0.00 ms.
Unloading 1116 Unused Serialized files (Serialized files now loaded: 0)
System memory in use before: 61.0 MB.
System memory in use after: 61.1 MB.

Unloading 5 unused Assets to reduce memory usage. Loaded Objects now: 1612.
Total: 3.148800 ms (FindLiveObjects: 0.334900 ms CreateObjectMapping: 0.096700 ms MarkObjects: 2.599400 ms  DeleteObjects: 0.114800 ms)

========================================================================
Received Import Request.
  Time since last request: 294.976366 seconds.
  path: Assets/Scenes/shootsAtEnemies.cs
  artifactKey: Guid(25fce90170b3b4a40be874dc81395b37) Importer(815301076,1909f56bfc062723c751e8b465ee728b)
Start importing Assets/Scenes/shootsAtEnemies.cs using Guid(25fce90170b3b4a40be874dc81395b37) Importer(815301076,1909f56bfc062723c751e8b465ee728b)  -> (artifact id: '294fe5c5a3f8bbbd7c1441c19ac36f6c') in 0.039581 seconds
  Import took 0.044758 seconds .

========================================================================
Received Import Request.
  Time since last request: 0.037761 seconds.
  path: Assets/Scenes/shootsAtEnemies.cs
  artifactKey: Guid(25fce90170b3b4a40be874dc81395b37) Importer(815301076,1909f56bfc062723c751e8b465ee728b)
Start importing Assets/Scenes/shootsAtEnemies.cs using Guid(25fce90170b3b4a40be874dc81395b37) Importer(815301076,1909f56bfc062723c751e8b465ee728b)  -> (artifact id: '294fe5c5a3f8bbbd7c1441c19ac36f6c') in 0.013567 seconds
  Import took 0.017773 seconds .

========================================================================
Received Prepare
Registering precompiled user dll's ...
Registered in 0.001147 seconds.
Begin MonoManager ReloadAssembly
Native extension for WindowsStandalone target not found
Refreshing native plugins compatible for Editor in 0.31 ms, found 0 plugins.
Preloading 0 native plugins for Editor in 0.00 ms.
Invoked RoslynAnalysisRunner static constructor.
RoslynAnalysisRunner will not be running.
RoslynAnalysisRunner has terminated.
Mono: successfully reloaded assembly
- Completed reload, in  1.608 seconds
Platform modules already initialized, skipping
Refreshing native plugins compatible for Editor in 8.56 ms, found 0 plugins.
Preloading 0 native plugins for Editor in 0.00 ms.
Unloading 1116 Unused Serialized files (Serialized files now loaded: 0)
System memory in use before: 61.0 MB.
System memory in use after: 61.1 MB.

Unloading 5 unused Assets to reduce memory usage. Loaded Objects now: 1615.
Total: 2.263900 ms (FindLiveObjects: 0.175900 ms CreateObjectMapping: 0.062600 ms MarkObjects: 1.939500 ms  DeleteObjects: 0.084000 ms)

========================================================================
Received Import Request.
  Time since last request: 39.279536 seconds.
  path: Assets/testTurret.prefab
  artifactKey: Guid(f4bcaa0d5a6be98468eb92df5558a8ab) Importer(815301076,1909f56bfc062723c751e8b465ee728b)
Start importing Assets/testTurret.prefab using Guid(f4bcaa0d5a6be98468eb92df5558a8ab) Importer(815301076,1909f56bfc062723c751e8b465ee728b)  -> (artifact id: '2e785c3227c5d5ec3d0306d151e8e4ac') in 0.243181 seconds
  Import took 0.248191 seconds .

========================================================================
Received Prepare
Registering precompiled user dll's ...
Registered in 0.008042 seconds.
Begin MonoManager ReloadAssembly
Native extension for WindowsStandalone target not found
Refreshing native plugins compatible for Editor in 0.30 ms, found 0 plugins.
Preloading 0 native plugins for Editor in 0.00 ms.
Invoked RoslynAnalysisRunner static constructor.
RoslynAnalysisRunner will not be running.
RoslynAnalysisRunner has terminated.
Mono: successfully reloaded assembly
- Completed reload, in  1.831 seconds
Platform modules already initialized, skipping
Refreshing native plugins compatible for Editor in 0.83 ms, found 0 plugins.
Preloading 0 native plugins for Editor in 0.00 ms.
Unloading 1116 Unused Serialized files (Serialized files now loaded: 0)
System memory in use before: 61.0 MB.
System memory in use after: 61.1 MB.

Unloading 5 unused Assets to reduce memory usage. Loaded Objects now: 1619.
Total: 2.443200 ms (FindLiveObjects: 0.198400 ms CreateObjectMapping: 0.076000 ms MarkObjects: 2.077600 ms  DeleteObjects: 0.088600 ms)

========================================================================
Received Import Request.
  Time since last request: 20.127389 seconds.
  path: Assets/testTurret.prefab
  artifactKey: Guid(f4bcaa0d5a6be98468eb92df5558a8ab) Importer(815301076,1909f56bfc062723c751e8b465ee728b)
Start importing Assets/testTurret.prefab using Guid(f4bcaa0d5a6be98468eb92df5558a8ab) Importer(815301076,1909f56bfc062723c751e8b465ee728b)  -> (artifact id: '8948370b3b0468caddceb671c002f44f') in 0.149633 seconds
  Import took 0.153988 seconds .

========================================================================
Received Prepare
Registering precompiled user dll's ...
Registered in 0.001146 seconds.
Begin MonoManager ReloadAssembly
Native extension for WindowsStandalone target not found
Refreshing native plugins compatible for Editor in 0.32 ms, found 0 plugins.
Preloading 0 native plugins for Editor in 0.00 ms.
Invoked RoslynAnalysisRunner static constructor.
RoslynAnalysisRunner will not be running.
RoslynAnalysisRunner has terminated.
Mono: successfully reloaded assembly
- Completed reload, in  1.366 seconds
Platform modules already initialized, skipping
Refreshing native plugins compatible for Editor in 0.45 ms, found 0 plugins.
Preloading 0 native plugins for Editor in 0.00 ms.
Unloading 1116 Unused Serialized files (Serialized files now loaded: 0)
System memory in use before: 61.0 MB.
System memory in use after: 61.1 MB.

Unloading 5 unused Assets to reduce memory usage. Loaded Objects now: 1623.
Total: 2.354000 ms (FindLiveObjects: 0.290500 ms CreateObjectMapping: 0.068900 ms MarkObjects: 1.905600 ms  DeleteObjects: 0.086600 ms)

========================================================================
Received Import Request.
  Time since last request: 150.159525 seconds.
  path: Assets/bullet.blend
  artifactKey: Guid(5ea21c58898c00a42a0e247de495b6fd) Importer(815301076,1909f56bfc062723c751e8b465ee728b)
Start importing Assets/bullet.blend using Guid(5ea21c58898c00a42a0e247de495b6fd) Importer(815301076,1909f56bfc062723c751e8b465ee728b)  -> (artifact id: '735fb311dd2e8980f8ddf3ce73e9d545') in 0.249527 seconds
  Import took 0.253747 seconds .

========================================================================
Received Import Request.
  Time since last request: 2.287125 seconds.
  path: Assets/bullet.blend1
  artifactKey: Guid(d4f6cf1cbe9d09b4ca3097f4460076ac) Importer(815301076,1909f56bfc062723c751e8b465ee728b)
Start importing Assets/bullet.blend1 using Guid(d4f6cf1cbe9d09b4ca3097f4460076ac) Importer(815301076,1909f56bfc062723c751e8b465ee728b)  -> (artifact id: '20e07bf0ed55f93e8f309cbca15e816c') in 0.023988 seconds
  Import took 0.031223 seconds .

========================================================================
Received Import Request.
  Time since last request: 12.424847 seconds.
  path: Assets/bullet.prefab
  artifactKey: Guid(311011b92493b30478430a15382f72a7) Importer(815301076,1909f56bfc062723c751e8b465ee728b)
Start importing Assets/bullet.prefab using Guid(311011b92493b30478430a15382f72a7) Importer(815301076,1909f56bfc062723c751e8b465ee728b)  -> (artifact id: '8dcf6fe983f882e4ec533159ad757b0c') in 0.041806 seconds
  Import took 0.048699 seconds .

========================================================================
Received Prepare
Registering precompiled user dll's ...
Registered in 0.001355 seconds.
Begin MonoManager ReloadAssembly
Native extension for WindowsStandalone target not found
Refreshing native plugins compatible for Editor in 0.32 ms, found 0 plugins.
Preloading 0 native plugins for Editor in 0.00 ms.
Invoked RoslynAnalysisRunner static constructor.
RoslynAnalysisRunner will not be running.
RoslynAnalysisRunner has terminated.
Mono: successfully reloaded assembly
- Completed reload, in  1.398 seconds
Platform modules already initialized, skipping
Refreshing native plugins compatible for Editor in 0.46 ms, found 0 plugins.
Preloading 0 native plugins for Editor in 0.00 ms.
Unloading 1116 Unused Serialized files (Serialized files now loaded: 0)
System memory in use before: 61.1 MB.
System memory in use after: 61.2 MB.

Unloading 5 unused Assets to reduce memory usage. Loaded Objects now: 1627.
Total: 2.397800 ms (FindLiveObjects: 0.174000 ms CreateObjectMapping: 0.061700 ms MarkObjects: 2.069700 ms  DeleteObjects: 0.089700 ms)

========================================================================
Received Import Request.
  Time since last request: 268.878891 seconds.
  path: Assets/Scenes/destroysEnemies.cs
  artifactKey: Guid(414ef3b10f52c5e43bd9138d23dcd7a3) Importer(815301076,1909f56bfc062723c751e8b465ee728b)
Start importing Assets/Scenes/destroysEnemies.cs using Guid(414ef3b10f52c5e43bd9138d23dcd7a3) Importer(815301076,1909f56bfc062723c751e8b465ee728b)  -> (artifact id: '2aa441e413111f1662236eafec6d8b25') in 0.073024 seconds
  Import took 0.079442 seconds .

========================================================================
Received Prepare
Registering precompiled user dll's ...
Registered in 0.001076 seconds.
Begin MonoManager ReloadAssembly
Native extension for WindowsStandalone target not found
Refreshing native plugins compatible for Editor in 0.30 ms, found 0 plugins.
Preloading 0 native plugins for Editor in 0.00 ms.
Invoked RoslynAnalysisRunner static constructor.
RoslynAnalysisRunner will not be running.
RoslynAnalysisRunner has terminated.
Mono: successfully reloaded assembly
- Completed reload, in  1.726 seconds
Platform modules already initialized, skipping
Refreshing native plugins compatible for Editor in 0.69 ms, found 0 plugins.
Preloading 0 native plugins for Editor in 0.00 ms.
Unloading 1117 Unused Serialized files (Serialized files now loaded: 0)
System memory in use before: 61.1 MB.
System memory in use after: 61.2 MB.

Unloading 5 unused Assets to reduce memory usage. Loaded Objects now: 1631.
Total: 2.270900 ms (FindLiveObjects: 0.180300 ms CreateObjectMapping: 0.061000 ms MarkObjects: 1.943100 ms  DeleteObjects: 0.084500 ms)

========================================================================
Received Import Request.
  Time since last request: 55.020477 seconds.
  path: Assets/bullet.prefab
  artifactKey: Guid(311011b92493b30478430a15382f72a7) Importer(815301076,1909f56bfc062723c751e8b465ee728b)
Start importing Assets/bullet.prefab using Guid(311011b92493b30478430a15382f72a7) Importer(815301076,1909f56bfc062723c751e8b465ee728b)  -> (artifact id: '5a43e7fae7e6ad03dc8221c0a178af73') in 0.147593 seconds
  Import took 0.158131 seconds .

========================================================================
Received Import Request.
  Time since last request: 0.003871 seconds.
  path: Assets/bullet.prefab
  artifactKey: Guid(311011b92493b30478430a15382f72a7) Importer(815301076,1909f56bfc062723c751e8b465ee728b)
Start importing Assets/bullet.prefab using Guid(311011b92493b30478430a15382f72a7) Importer(815301076,1909f56bfc062723c751e8b465ee728b)  -> (artifact id: '5a43e7fae7e6ad03dc8221c0a178af73') in 0.029298 seconds
  Import took 0.035258 seconds .

========================================================================
Received Prepare
Registering precompiled user dll's ...
Registered in 0.001226 seconds.
Begin MonoManager ReloadAssembly
Native extension for WindowsStandalone target not found
Refreshing native plugins compatible for Editor in 0.29 ms, found 0 plugins.
Preloading 0 native plugins for Editor in 0.00 ms.
Invoked RoslynAnalysisRunner static constructor.
RoslynAnalysisRunner will not be running.
RoslynAnalysisRunner has terminated.
Mono: successfully reloaded assembly
- Completed reload, in  2.041 seconds
Platform modules already initialized, skipping
Refreshing native plugins compatible for Editor in 0.48 ms, found 0 plugins.
Preloading 0 native plugins for Editor in 0.00 ms.
Unloading 1117 Unused Serialized files (Serialized files now loaded: 0)
System memory in use before: 61.1 MB.
System memory in use after: 61.2 MB.

Unloading 5 unused Assets to reduce memory usage. Loaded Objects now: 1635.
Total: 2.610900 ms (FindLiveObjects: 0.259800 ms CreateObjectMapping: 0.078300 ms MarkObjects: 2.183100 ms  DeleteObjects: 0.086700 ms)

========================================================================
Received Prepare
Registering precompiled user dll's ...
Registered in 0.001091 seconds.
Begin MonoManager ReloadAssembly
Native extension for WindowsStandalone target not found
Refreshing native plugins compatible for Editor in 0.32 ms, found 0 plugins.
Preloading 0 native plugins for Editor in 0.00 ms.
Invoked RoslynAnalysisRunner static constructor.
RoslynAnalysisRunner will not be running.
RoslynAnalysisRunner has terminated.
Mono: successfully reloaded assembly
- Completed reload, in  1.680 seconds
Platform modules already initialized, skipping
Refreshing native plugins compatible for Editor in 0.56 ms, found 0 plugins.
Preloading 0 native plugins for Editor in 0.00 ms.
Unloading 1117 Unused Serialized files (Serialized files now loaded: 0)
System memory in use before: 61.1 MB.
System memory in use after: 61.2 MB.

Unloading 5 unused Assets to reduce memory usage. Loaded Objects now: 1638.
Total: 2.302000 ms (FindLiveObjects: 0.176800 ms CreateObjectMapping: 0.063100 ms MarkObjects: 1.975700 ms  DeleteObjects: 0.084700 ms)

========================================================================
Received Prepare
Registering precompiled user dll's ...
Registered in 0.001636 seconds.
Begin MonoManager ReloadAssembly
Native extension for WindowsStandalone target not found
Refreshing native plugins compatible for Editor in 0.31 ms, found 0 plugins.
Preloading 0 native plugins for Editor in 0.00 ms.
Invoked RoslynAnalysisRunner static constructor.
RoslynAnalysisRunner will not be running.
RoslynAnalysisRunner has terminated.
Mono: successfully reloaded assembly
- Completed reload, in  1.668 seconds
Platform modules already initialized, skipping
Refreshing native plugins compatible for Editor in 0.50 ms, found 0 plugins.
Preloading 0 native plugins for Editor in 0.00 ms.
Unloading 1117 Unused Serialized files (Serialized files now loaded: 0)
System memory in use before: 61.1 MB.
System memory in use after: 61.2 MB.

Unloading 5 unused Assets to reduce memory usage. Loaded Objects now: 1641.
Total: 3.470200 ms (FindLiveObjects: 0.332900 ms CreateObjectMapping: 0.093800 ms MarkObjects: 2.946700 ms  DeleteObjects: 0.093700 ms)

========================================================================
Received Prepare
Registering precompiled user dll's ...
Registered in 0.001897 seconds.
Begin MonoManager ReloadAssembly
Native extension for WindowsStandalone target not found
Refreshing native plugins compatible for Editor in 0.37 ms, found 0 plugins.
Preloading 0 native plugins for Editor in 0.00 ms.
Invoked RoslynAnalysisRunner static constructor.
RoslynAnalysisRunner will not be running.
RoslynAnalysisRunner has terminated.
Mono: successfully reloaded assembly
- Completed reload, in  1.540 seconds
Platform modules already initialized, skipping
Refreshing native plugins compatible for Editor in 0.46 ms, found 0 plugins.
Preloading 0 native plugins for Editor in 0.00 ms.
Unloading 1117 Unused Serialized files (Serialized files now loaded: 0)
System memory in use before: 61.1 MB.
System memory in use after: 61.2 MB.

Unloading 5 unused Assets to reduce memory usage. Loaded Objects now: 1644.
Total: 3.319800 ms (FindLiveObjects: 0.299600 ms CreateObjectMapping: 0.082500 ms MarkObjects: 2.845500 ms  DeleteObjects: 0.089200 ms)

========================================================================
Received Import Request.
  Time since last request: 462.478673 seconds.
  path: Assets/bullet.prefab
  artifactKey: Guid(311011b92493b30478430a15382f72a7) Importer(815301076,1909f56bfc062723c751e8b465ee728b)
Start importing Assets/bullet.prefab using Guid(311011b92493b30478430a15382f72a7) Importer(815301076,1909f56bfc062723c751e8b465ee728b)  -> (artifact id: '9a6a9ba90236294c8f2eee8c6b35eafb') in 0.133338 seconds
  Import took 0.138868 seconds .

========================================================================
Received Prepare
Registering precompiled user dll's ...
Registered in 0.001882 seconds.
Begin MonoManager ReloadAssembly
Native extension for WindowsStandalone target not found
Refreshing native plugins compatible for Editor in 0.48 ms, found 0 plugins.
Preloading 0 native plugins for Editor in 0.00 ms.
Invoked RoslynAnalysisRunner static constructor.
RoslynAnalysisRunner will not be running.
RoslynAnalysisRunner has terminated.
Mono: successfully reloaded assembly
- Completed reload, in  1.627 seconds
Platform modules already initialized, skipping
Refreshing native plugins compatible for Editor in 0.45 ms, found 0 plugins.
Preloading 0 native plugins for Editor in 0.00 ms.
Unloading 1117 Unused Serialized files (Serialized files now loaded: 0)
System memory in use before: 61.2 MB.
System memory in use after: 61.2 MB.

Unloading 5 unused Assets to reduce memory usage. Loaded Objects now: 1648.
Total: 2.722400 ms (FindLiveObjects: 0.184600 ms CreateObjectMapping: 0.062700 ms MarkObjects: 2.381900 ms  DeleteObjects: 0.090700 ms)

========================================================================
Received Import Request.
  Time since last request: 309.302477 seconds.
  path: Assets/Scenes/SampleScene
  artifactKey: Guid(517d4bf85a81c574db06ab03bf7c27d7) Importer(815301076,1909f56bfc062723c751e8b465ee728b)
Start importing Assets/Scenes/SampleScene using Guid(517d4bf85a81c574db06ab03bf7c27d7) Importer(815301076,1909f56bfc062723c751e8b465ee728b)  -> (artifact id: '033b07a2ef8d7d79b6ffb3b21cc71548') in 0.022070 seconds
  Import took 0.027331 seconds .

========================================================================
Received Import Request.
  Time since last request: 0.082306 seconds.
  path: Assets/Scenes/SampleScene/NavMesh.asset
  artifactKey: Guid(5b72dc2e05bd5704087049674e36decb) Importer(815301076,1909f56bfc062723c751e8b465ee728b)
Start importing Assets/Scenes/SampleScene/NavMesh.asset using Guid(5b72dc2e05bd5704087049674e36decb) Importer(815301076,1909f56bfc062723c751e8b465ee728b)  -> (artifact id: 'a619c281f7c04ac14e75358f09bba822') in 0.037835 seconds
  Import took 0.043650 seconds .

========================================================================
Received Import Request.
  Time since last request: 1.729368 seconds.
  path: Assets/bullet.blend
  artifactKey: Guid(5ea21c58898c00a42a0e247de495b6fd) Importer(815301076,1909f56bfc062723c751e8b465ee728b)
Start importing Assets/bullet.blend using Guid(5ea21c58898c00a42a0e247de495b6fd) Importer(815301076,1909f56bfc062723c751e8b465ee728b)  -> (artifact id: 'c40f5d37477199174ce7c29a6099e577') in 0.256885 seconds
  Import took 0.263626 seconds .

========================================================================
Received Import Request.
  Time since last request: 0.003104 seconds.
  path: Assets/bullet.blend
  artifactKey: Guid(5ea21c58898c00a42a0e247de495b6fd) Importer(815301076,1909f56bfc062723c751e8b465ee728b)
Start importing Assets/bullet.blend using Guid(5ea21c58898c00a42a0e247de495b6fd) Importer(815301076,1909f56bfc062723c751e8b465ee728b)  -> (artifact id: 'c40f5d37477199174ce7c29a6099e577') in 0.097038 seconds
  Import took 0.102826 seconds .

========================================================================
Received Import Request.
  Time since last request: 6.345580 seconds.
  path: Assets/bullet.prefab
  artifactKey: Guid(311011b92493b30478430a15382f72a7) Importer(815301076,1909f56bfc062723c751e8b465ee728b)
Start importing Assets/bullet.prefab using Guid(311011b92493b30478430a15382f72a7) Importer(815301076,1909f56bfc062723c751e8b465ee728b)  -> (artifact id: '328cb6a04f97105b6e8c301fae74a212') in 0.054678 seconds
  Import took 0.061344 seconds .

========================================================================
Received Import Request.
  Time since last request: 0.009219 seconds.
  path: Assets/bullet.prefab
  artifactKey: Guid(311011b92493b30478430a15382f72a7) Importer(815301076,1909f56bfc062723c751e8b465ee728b)
Start importing Assets/bullet.prefab using Guid(311011b92493b30478430a15382f72a7) Importer(815301076,1909f56bfc062723c751e8b465ee728b)  -> (artifact id: '328cb6a04f97105b6e8c301fae74a212') in 0.117153 seconds
  Import took 0.130726 seconds .

========================================================================
Received Import Request.
  Time since last request: 18.950551 seconds.
  path: Assets/bullet.prefab
  artifactKey: Guid(311011b92493b30478430a15382f72a7) Importer(815301076,1909f56bfc062723c751e8b465ee728b)
Start importing Assets/bullet.prefab using Guid(311011b92493b30478430a15382f72a7) Importer(815301076,1909f56bfc062723c751e8b465ee728b)  -> (artifact id: '4cd759589f237ea74bcdf2b9d18e0a9e') in 0.030215 seconds
  Import took 0.034744 seconds .

========================================================================
Received Prepare
Registering precompiled user dll's ...
Registered in 0.001795 seconds.
Begin MonoManager ReloadAssembly
Native extension for WindowsStandalone target not found
Refreshing native plugins compatible for Editor in 0.33 ms, found 0 plugins.
Preloading 0 native plugins for Editor in 0.00 ms.
Invoked RoslynAnalysisRunner static constructor.
RoslynAnalysisRunner will not be running.
RoslynAnalysisRunner has terminated.
Mono: successfully reloaded assembly
- Completed reload, in  1.604 seconds
Platform modules already initialized, skipping
Refreshing native plugins compatible for Editor in 0.47 ms, found 0 plugins.
Preloading 0 native plugins for Editor in 0.00 ms.
Unloading 1117 Unused Serialized files (Serialized files now loaded: 0)
System memory in use before: 61.2 MB.
System memory in use after: 61.3 MB.

Unloading 5 unused Assets to reduce memory usage. Loaded Objects now: 1652.
Total: 2.736500 ms (FindLiveObjects: 0.272500 ms CreateObjectMapping: 0.123600 ms MarkObjects: 2.244900 ms  DeleteObjects: 0.092400 ms)

========================================================================
Received Import Request.
  Time since last request: 55.451026 seconds.
  path: Assets/bullet.prefab
  artifactKey: Guid(311011b92493b30478430a15382f72a7) Importer(815301076,1909f56bfc062723c751e8b465ee728b)
Start importing Assets/bullet.prefab using Guid(311011b92493b30478430a15382f72a7) Importer(815301076,1909f56bfc062723c751e8b465ee728b)  -> (artifact id: 'a0f21074c60c43a087fed708f9a488a7') in 0.122102 seconds
  Import took 0.127520 seconds .

========================================================================
Received Import Request.
  Time since last request: 2.336768 seconds.
  path: Assets/bullet.prefab
  artifactKey: Guid(311011b92493b30478430a15382f72a7) Importer(815301076,1909f56bfc062723c751e8b465ee728b)
Start importing Assets/bullet.prefab using Guid(311011b92493b30478430a15382f72a7) Importer(815301076,1909f56bfc062723c751e8b465ee728b)  -> (artifact id: 'a0f21074c60c43a087fed708f9a488a7') in 0.027464 seconds
  Import took 0.032589 seconds .

========================================================================
Received Prepare
Registering precompiled user dll's ...
Registered in 0.001260 seconds.
Begin MonoManager ReloadAssembly
Native extension for WindowsStandalone target not found
Refreshing native plugins compatible for Editor in 0.30 ms, found 0 plugins.
Preloading 0 native plugins for Editor in 0.00 ms.
Invoked RoslynAnalysisRunner static constructor.
RoslynAnalysisRunner will not be running.
RoslynAnalysisRunner has terminated.
Mono: successfully reloaded assembly
- Completed reload, in  1.291 seconds
Platform modules already initialized, skipping
Refreshing native plugins compatible for Editor in 0.44 ms, found 0 plugins.
Preloading 0 native plugins for Editor in 0.00 ms.
Unloading 1117 Unused Serialized files (Serialized files now loaded: 0)
System memory in use before: 61.2 MB.
System memory in use after: 61.3 MB.

Unloading 5 unused Assets to reduce memory usage. Loaded Objects now: 1656.
Total: 2.847300 ms (FindLiveObjects: 0.306900 ms CreateObjectMapping: 0.092900 ms MarkObjects: 2.322300 ms  DeleteObjects: 0.121600 ms)

AssetImportWorkerClient::OnTransportError - code=2 error=End of file
